running egg_info
creating ../../build/camera_package/camera_package.egg-info
writing ../../build/camera_package/camera_package.egg-info/PKG-INFO
writing dependency_links to ../../build/camera_package/camera_package.egg-info/dependency_links.txt
writing entry points to ../../build/camera_package/camera_package.egg-info/entry_points.txt
writing requirements to ../../build/camera_package/camera_package.egg-info/requires.txt
writing top-level names to ../../build/camera_package/camera_package.egg-info/top_level.txt
writing manifest file '../../build/camera_package/camera_package.egg-info/SOURCES.txt'
reading manifest file '../../build/camera_package/camera_package.egg-info/SOURCES.txt'
writing manifest file '../../build/camera_package/camera_package.egg-info/SOURCES.txt'
running build
running build_py
creating /tow_board_ws/build/camera_package/build
creating /tow_board_ws/build/camera_package/build/lib
creating /tow_board_ws/build/camera_package/build/lib/camera_package
copying camera_package/__init__.py -> /tow_board_ws/build/camera_package/build/lib/camera_package
copying camera_package/camera_node.py -> /tow_board_ws/build/camera_package/build/lib/camera_package
running install
running install_lib
creating /tow_board_ws/install/camera_package/lib/python3.10/site-packages/camera_package
copying /tow_board_ws/build/camera_package/build/lib/camera_package/__init__.py -> /tow_board_ws/install/camera_package/lib/python3.10/site-packages/camera_package
copying /tow_board_ws/build/camera_package/build/lib/camera_package/camera_node.py -> /tow_board_ws/install/camera_package/lib/python3.10/site-packages/camera_package
byte-compiling /tow_board_ws/install/camera_package/lib/python3.10/site-packages/camera_package/__init__.py to __init__.cpython-310.pyc
byte-compiling /tow_board_ws/install/camera_package/lib/python3.10/site-packages/camera_package/camera_node.py to camera_node.cpython-310.pyc
running install_data
creating /tow_board_ws/install/camera_package/share/ament_index
creating /tow_board_ws/install/camera_package/share/ament_index/resource_index
creating /tow_board_ws/install/camera_package/share/ament_index/resource_index/packages
copying resource/camera_package -> /tow_board_ws/install/camera_package/share/ament_index/resource_index/packages
copying package.xml -> /tow_board_ws/install/camera_package/share/camera_package
running install_egg_info
Copying ../../build/camera_package/camera_package.egg-info to /tow_board_ws/install/camera_package/lib/python3.10/site-packages/camera_package-0.0.0-py3.10.egg-info
running install_scripts
Installing camera_node script to /tow_board_ws/install/camera_package/lib/camera_package
writing list of installed files to '/tow_board_ws/build/camera_package/install.log'
