[0.643s] Invoking command in '/tow_board_ws/src/camera_package': PYTHONPATH=/tow_board_ws/build/camera_package/prefix_override:/usr/lib/python3/dist-packages/colcon_core/task/python/colcon_distutils_commands:/tow_board_ws/install/camera_package/lib/python3.10/site-packages:${PYTHONPATH} /usr/bin/python3 -W ignore:setup.py install is deprecated setup.py egg_info --egg-base ../../build/camera_package build --build-base /tow_board_ws/build/camera_package/build install --record /tow_board_ws/build/camera_package/install.log --single-version-externally-managed install_data
[0.851s] running egg_info
[0.851s] creating ../../build/camera_package/camera_package.egg-info
[0.851s] writing ../../build/camera_package/camera_package.egg-info/PKG-INFO
[0.851s] writing dependency_links to ../../build/camera_package/camera_package.egg-info/dependency_links.txt
[0.852s] writing entry points to ../../build/camera_package/camera_package.egg-info/entry_points.txt
[0.852s] writing requirements to ../../build/camera_package/camera_package.egg-info/requires.txt
[0.852s] writing top-level names to ../../build/camera_package/camera_package.egg-info/top_level.txt
[0.852s] writing manifest file '../../build/camera_package/camera_package.egg-info/SOURCES.txt'
[0.853s] reading manifest file '../../build/camera_package/camera_package.egg-info/SOURCES.txt'
[0.855s] writing manifest file '../../build/camera_package/camera_package.egg-info/SOURCES.txt'
[0.855s] running build
[0.855s] running build_py
[0.855s] creating /tow_board_ws/build/camera_package/build
[0.855s] creating /tow_board_ws/build/camera_package/build/lib
[0.855s] creating /tow_board_ws/build/camera_package/build/lib/camera_package
[0.855s] copying camera_package/__init__.py -> /tow_board_ws/build/camera_package/build/lib/camera_package
[0.855s] copying camera_package/camera_node.py -> /tow_board_ws/build/camera_package/build/lib/camera_package
[0.855s] running install
[0.856s] running install_lib
[0.856s] creating /tow_board_ws/install/camera_package/lib/python3.10/site-packages/camera_package
[0.856s] copying /tow_board_ws/build/camera_package/build/lib/camera_package/__init__.py -> /tow_board_ws/install/camera_package/lib/python3.10/site-packages/camera_package
[0.856s] copying /tow_board_ws/build/camera_package/build/lib/camera_package/camera_node.py -> /tow_board_ws/install/camera_package/lib/python3.10/site-packages/camera_package
[0.857s] byte-compiling /tow_board_ws/install/camera_package/lib/python3.10/site-packages/camera_package/__init__.py to __init__.cpython-310.pyc
[0.857s] byte-compiling /tow_board_ws/install/camera_package/lib/python3.10/site-packages/camera_package/camera_node.py to camera_node.cpython-310.pyc
[0.857s] running install_data
[0.857s] creating /tow_board_ws/install/camera_package/share/ament_index
[0.857s] creating /tow_board_ws/install/camera_package/share/ament_index/resource_index
[0.857s] creating /tow_board_ws/install/camera_package/share/ament_index/resource_index/packages
[0.857s] copying resource/camera_package -> /tow_board_ws/install/camera_package/share/ament_index/resource_index/packages
[0.857s] copying package.xml -> /tow_board_ws/install/camera_package/share/camera_package
[0.857s] running install_egg_info
[0.860s] Copying ../../build/camera_package/camera_package.egg-info to /tow_board_ws/install/camera_package/lib/python3.10/site-packages/camera_package-0.0.0-py3.10.egg-info
[0.860s] running install_scripts
[0.886s] Installing camera_node script to /tow_board_ws/install/camera_package/lib/camera_package
[0.886s] writing list of installed files to '/tow_board_ws/build/camera_package/install.log'
[0.947s] Invoked command in '/tow_board_ws/src/camera_package' returned '0': PYTHONPATH=/tow_board_ws/build/camera_package/prefix_override:/usr/lib/python3/dist-packages/colcon_core/task/python/colcon_distutils_commands:/tow_board_ws/install/camera_package/lib/python3.10/site-packages:${PYTHONPATH} /usr/bin/python3 -W ignore:setup.py install is deprecated setup.py egg_info --egg-base ../../build/camera_package build --build-base /tow_board_ws/build/camera_package/build install --record /tow_board_ws/build/camera_package/install.log --single-version-externally-managed install_data
