[0.623s] Invoking command in '/tow_board_ws/src/camera_package': PYTHONPATH=/tow_board_ws/build/camera_package/prefix_override:/usr/lib/python3/dist-packages/colcon_core/task/python/colcon_distutils_commands:/tow_board_ws/install/camera_package/lib/python3.10/site-packages:${PYTHONPATH} /usr/bin/python3 -W ignore:setup.py install is deprecated setup.py egg_info --egg-base ../../build/camera_package build --build-base /tow_board_ws/build/camera_package/build install --record /tow_board_ws/build/camera_package/install.log --single-version-externally-managed install_data
[0.832s] running egg_info
[0.835s] writing ../../build/camera_package/camera_package.egg-info/PKG-INFO
[0.835s] writing dependency_links to ../../build/camera_package/camera_package.egg-info/dependency_links.txt
[0.835s] writing entry points to ../../build/camera_package/camera_package.egg-info/entry_points.txt
[0.835s] writing requirements to ../../build/camera_package/camera_package.egg-info/requires.txt
[0.835s] writing top-level names to ../../build/camera_package/camera_package.egg-info/top_level.txt
[0.837s] reading manifest file '../../build/camera_package/camera_package.egg-info/SOURCES.txt'
[0.838s] writing manifest file '../../build/camera_package/camera_package.egg-info/SOURCES.txt'
[0.838s] running build
[0.838s] running build_py
[0.838s] running install
[0.838s] running install_lib
[0.840s] running install_data
[0.840s] running install_egg_info
[0.842s] removing '/tow_board_ws/install/camera_package/lib/python3.10/site-packages/camera_package-0.0.0-py3.10.egg-info' (and everything under it)
[0.842s] Copying ../../build/camera_package/camera_package.egg-info to /tow_board_ws/install/camera_package/lib/python3.10/site-packages/camera_package-0.0.0-py3.10.egg-info
[0.843s] running install_scripts
[0.869s] Installing camera_node script to /tow_board_ws/install/camera_package/lib/camera_package
[0.869s] writing list of installed files to '/tow_board_ws/build/camera_package/install.log'
[0.925s] Invoked command in '/tow_board_ws/src/camera_package' returned '0': PYTHONPATH=/tow_board_ws/build/camera_package/prefix_override:/usr/lib/python3/dist-packages/colcon_core/task/python/colcon_distutils_commands:/tow_board_ws/install/camera_package/lib/python3.10/site-packages:${PYTHONPATH} /usr/bin/python3 -W ignore:setup.py install is deprecated setup.py egg_info --egg-base ../../build/camera_package build --build-base /tow_board_ws/build/camera_package/build install --record /tow_board_ws/build/camera_package/install.log --single-version-externally-managed install_data
